[0.269s] Invoking command in '/home/akshar/eyrc_hb/hb_task5_ws/build/my_robot_interfaces': CMAKE_PREFIX_PATH=${CMAKE_PREFIX_PATH}:/home/akshar/eyrc_hb/hb_task5_ws/install/hb_task5a:/opt/ros/humble /usr/bin/cmake --build /home/akshar/eyrc_hb/hb_task5_ws/build/my_robot_interfaces -- -j16 -l16
[0.297s] -- Found ament_cmake: 1.3.5 (/opt/ros/humble/share/ament_cmake/cmake)
[0.440s] -- Found rosidl_default_generators: 1.2.0 (/opt/ros/humble/share/rosidl_default_generators/cmake)
[0.443s] -- Using all available rosidl_typesupport_c: rosidl_typesupport_fastrtps_c;rosidl_typesupport_introspection_c
[0.447s] -- Found rosidl_adapter: 3.1.5 (/opt/ros/humble/share/rosidl_adapter/cmake)
[0.484s] -- Using all available rosidl_typesupport_cpp: rosidl_typesupport_fastrtps_cpp;rosidl_typesupport_introspection_cpp
[0.649s] [31mCMake Error at /opt/ros/humble/share/rosidl_adapter/cmake/rosidl_adapt_interfaces.cmake:59 (message):
[0.649s]   execute_process(/usr/bin/python3.10 -m rosidl_adapter --package-name
[0.649s]   my_robot_interfaces --arguments-file
[0.649s]   /home/akshar/eyrc_hb/hb_task5_ws/build/my_robot_interfaces/rosidl_adapter__arguments__my_robot_interfaces.json
[0.649s]   --output-dir
[0.649s]   /home/akshar/eyrc_hb/hb_task5_ws/build/my_robot_interfaces/rosidl_adapter/my_robot_interfaces
[0.649s]   --output-file
[0.649s]   /home/akshar/eyrc_hb/hb_task5_ws/build/my_robot_interfaces/rosidl_adapter/my_robot_interfaces.idls)
[0.650s]   returned error code 1:
[0.650s] 
[0.650s]   Traceback (most recent call last):
[0.650s] 
[0.650s]     File "/usr/lib/python3.10/runpy.py", line 196, in _run_module_as_main
[0.650s]       return _run_code(code, main_globals, None,
[0.650s]     File "/usr/lib/python3.10/runpy.py", line 86, in _run_code
[0.650s]       exec(code, run_globals)
[0.650s]     File "/opt/ros/humble/local/lib/python3.10/dist-packages/rosidl_adapter/__main__.py", line 19, in <module>
[0.650s]       sys.exit(main())
[0.650s]     File "/opt/ros/humble/local/lib/python3.10/dist-packages/rosidl_adapter/main.py", line 53, in main
[0.650s]       abs_idl_file = convert_to_idl(
[0.650s]     File "/opt/ros/humble/local/lib/python3.10/dist-packages/rosidl_adapter/__init__.py", line 24, in convert_to_idl
[0.650s]       return convert_srv_to_idl(
[0.650s]     File "/opt/ros/humble/local/lib/python3.10/dist-packages/rosidl_adapter/srv/__init__.py", line 28, in convert_srv_to_idl
[0.650s]       srv = parse_service_string(package_name, input_file.stem, content)
[0.650s]     File "/opt/ros/humble/local/lib/python3.10/dist-packages/rosidl_adapter/parser.py", line 850, in parse_service_string
[0.650s]       raise InvalidServiceSpecification(
[0.650s] 
[0.651s]   rosidl_adapter.parser.InvalidServiceSpecification: Could not find separator
[0.651s]   '---' between request and response
[0.651s] 
[0.651s] Call Stack (most recent call first):
[0.651s]   /opt/ros/humble/share/rosidl_cmake/cmake/rosidl_generate_interfaces.cmake:130 (rosidl_adapt_interfaces)
[0.651s]   CMakeLists.txt:16 (rosidl_generate_interfaces)
[0.651s] 
[0.651s] [0m
[0.651s] -- Configuring incomplete, errors occurred!
[0.651s] See also "/home/akshar/eyrc_hb/hb_task5_ws/build/my_robot_interfaces/CMakeFiles/CMakeOutput.log".
[0.654s] gmake: *** [Makefile:1179: cmake_check_build_system] Error 1
[0.656s] Invoked command in '/home/akshar/eyrc_hb/hb_task5_ws/build/my_robot_interfaces' returned '2': CMAKE_PREFIX_PATH=${CMAKE_PREFIX_PATH}:/home/akshar/eyrc_hb/hb_task5_ws/install/hb_task5a:/opt/ros/humble /usr/bin/cmake --build /home/akshar/eyrc_hb/hb_task5_ws/build/my_robot_interfaces -- -j16 -l16
